# JRE version: OpenJDK Runtime Environment (11.0.11+9) (build 11.0.11+9-b60-7590822)
# Java VM: OpenJDK 64-Bit Server VM (11.0.11+9-b60-7590822, mixed mode, tiered, compressed oops, g1 gc, windows-amd64)
Heap:
 garbage-first heap   total 61440K, used 49205K [0x0000000080000000, 0x0000000100000000)
  region size 1024K, 11 young (11264K), 1 survivors (1024K)
 Metaspace       used 42269K, capacity 43378K, committed 43520K, reserved 1087488K
  class space    used 5418K, capacity 5863K, committed 5888K, reserved 1048576K
GC Heap History (20 events):
Event: 52.024 GC heap before
{Heap before GC invocations=8 (full 0):
 garbage-first heap   total 61440K, used 48298K [0x0000000080000000, 0x0000000100000000)
  region size 1024K, 28 young (28672K), 2 survivors (2048K)
 Metaspace       used 26257K, capacity 26995K, committed 27264K, reserved 1073152K
  class space    used 3427K, capacity 3689K, committed 3712K, reserved 1048576K
}
Event: 52.036 GC heap after
{Heap after GC invocations=9 (full 0):
 garbage-first heap   total 61440K, used 25106K [0x0000000080000000, 0x0000000100000000)
  region size 1024K, 4 young (4096K), 4 survivors (4096K)
 Metaspace       used 26257K, capacity 26995K, committed 27264K, reserved 1073152K
  class space    used 3427K, capacity 3689K, committed 3712K, reserved 1048576K
}
Event: 57.122 GC heap before
{Heap before GC invocations=9 (full 0):
 garbage-first heap   total 61440K, used 50706K [0x0000000080000000, 0x0000000100000000)
  region size 1024K, 26 young (26624K), 4 survivors (4096K)
 Metaspace       used 27754K, capacity 28641K, committed 28800K, reserved 1075200K
  class space    used 3669K, capacity 3964K, committed 3968K, reserved 1048576K
}
Event: 57.127 GC heap after
{Heap after GC invocations=10 (full 0):
 garbage-first heap   total 61440K, used 31736K [0x0000000080000000, 0x0000000100000000)
  region size 1024K, 3 young (3072K), 3 survivors (3072K)
 Metaspace       used 27754K, capacity 28641K, committed 28800K, reserved 1075200K
  class space    used 3669K, capacity 3964K, committed 3968K, reserved 1048576K
}
Event: 57.910 GC heap before
{Heap before GC invocations=10 (full 0):
 garbage-first heap   total 61440K, used 49144K [0x0000000080000000, 0x0000000100000000)
  region size 1024K, 20 young (20480K), 3 survivors (3072K)
 Metaspace       used 29729K, capacity 30662K, committed 30976K, reserved 1075200K
  class space    used 3964K, capacity 4273K, committed 4352K, reserved 1048576K
}
Event: 57.914 GC heap after
{Heap after GC invocations=11 (full 0):
 garbage-first heap   total 61440K, used 32427K [0x0000000080000000, 0x0000000100000000)
  region size 1024K, 1 young (1024K), 1 survivors (1024K)
 Metaspace       used 29729K, capacity 30662K, committed 30976K, reserved 1075200K
  class space    used 3964K, capacity 4273K, committed 4352K, reserved 1048576K
}
Event: 59.842 GC heap before
{Heap before GC invocations=12 (full 0):
 garbage-first heap   total 61440K, used 48811K [0x0000000080000000, 0x0000000100000000)
  region size 1024K, 17 young (17408K), 1 survivors (1024K)
 Metaspace       used 32332K, capacity 33244K, committed 33408K, reserved 1077248K
  class space    used 4351K, capacity 4665K, committed 4736K, reserved 1048576K
}
Event: 59.846 GC heap after
{Heap after GC invocations=13 (full 0):
 garbage-first heap   total 61440K, used 33409K [0x0000000080000000, 0x0000000100000000)
  region size 1024K, 2 young (2048K), 2 survivors (2048K)
 Metaspace       used 32332K, capacity 33244K, committed 33408K, reserved 1077248K
  class space    used 4351K, capacity 4665K, committed 4736K, reserved 1048576K
}
Event: 60.708 GC heap before
{Heap before GC invocations=13 (full 0):
 garbage-first heap   total 61440K, used 48769K [0x0000000080000000, 0x0000000100000000)
  region size 1024K, 18 young (18432K), 2 survivors (2048K)
 Metaspace       used 37262K, capacity 38230K, committed 38528K, reserved 1083392K
  class space    used 4837K, capacity 5200K, committed 5248K, reserved 1048576K
}
Event: 60.719 GC heap after
{Heap after GC invocations=14 (full 0):
 garbage-first heap   total 61440K, used 36307K [0x0000000080000000, 0x0000000100000000)
  region size 1024K, 3 young (3072K), 3 survivors (3072K)
 Metaspace       used 37262K, capacity 38230K, committed 38528K, reserved 1083392K
  class space    used 4837K, capacity 5200K, committed 5248K, reserved 1048576K
}
Event: 60.867 GC heap before
{Heap before GC invocations=15 (full 0):
 garbage-first heap   total 61440K, used 49619K [0x0000000080000000, 0x0000000100000000)
  region size 1024K, 16 young (16384K), 3 survivors (3072K)
 Metaspace       used 37489K, capacity 38510K, committed 38784K, reserved 1083392K
  class space    used 4852K, capacity 5206K, committed 5248K, reserved 1048576K
}
Event: 60.874 GC heap after
{Heap after GC invocations=16 (full 0):
 garbage-first heap   total 61440K, used 37920K [0x0000000080000000, 0x0000000100000000)
  region size 1024K, 2 young (2048K), 2 survivors (2048K)
 Metaspace       used 37489K, capacity 38510K, committed 38784K, reserved 1083392K
  class space    used 4852K, capacity 5206K, committed 5248K, reserved 1048576K
}
Event: 61.240 GC heap before
{Heap before GC invocations=16 (full 0):
 garbage-first heap   total 61440K, used 50208K [0x0000000080000000, 0x0000000100000000)
  region size 1024K, 14 young (14336K), 2 survivors (2048K)
 Metaspace       used 37894K, capacity 38919K, committed 39168K, reserved 1083392K
  class space    used 4898K, capacity 5275K, committed 5376K, reserved 1048576K
}
Event: 61.244 GC heap after
{Heap after GC invocations=17 (full 0):
 garbage-first heap   total 61440K, used 38570K [0x0000000080000000, 0x0000000100000000)
  region size 1024K, 2 young (2048K), 2 survivors (2048K)
 Metaspace       used 37894K, capacity 38919K, committed 39168K, reserved 1083392K
  class space    used 4898K, capacity 5275K, committed 5376K, reserved 1048576K
}
Event: 62.791 GC heap before
{Heap before GC invocations=18 (full 0):
 garbage-first heap   total 61440K, used 51882K [0x0000000080000000, 0x0000000100000000)
  region size 1024K, 13 young (13312K), 2 survivors (2048K)
 Metaspace       used 39594K, capacity 40658K, committed 40832K, reserved 1085440K
  class space    used 5031K, capacity 5406K, committed 5504K, reserved 1048576K
}
Event: 62.794 GC heap after
{Heap after GC invocations=19 (full 0):
 garbage-first heap   total 61440K, used 39358K [0x0000000080000000, 0x0000000100000000)
  region size 1024K, 1 young (1024K), 1 survivors (1024K)
 Metaspace       used 39594K, capacity 40658K, committed 40832K, reserved 1085440K
  class space    used 5031K, capacity 5406K, committed 5504K, reserved 1048576K
}
Event: 63.388 GC heap before
{Heap before GC invocations=19 (full 0):
 garbage-first heap   total 61440K, used 50622K [0x0000000080000000, 0x0000000100000000)
  region size 1024K, 12 young (12288K), 1 survivors (1024K)
 Metaspace       used 40564K, capacity 41613K, committed 41728K, reserved 1085440K
  class space    used 5185K, capacity 5577K, committed 5632K, reserved 1048576K
}
Event: 63.393 GC heap after
{Heap after GC invocations=20 (full 0):
 garbage-first heap   total 61440K, used 39860K [0x0000000080000000, 0x0000000100000000)
  region size 1024K, 2 young (2048K), 2 survivors (2048K)
 Metaspace       used 40564K, capacity 41613K, committed 41728K, reserved 1085440K
  class space    used 5185K, capacity 5577K, committed 5632K, reserved 1048576K
}
Event: 63.679 GC heap before
{Heap before GC invocations=21 (full 0):
 garbage-first heap   total 61440K, used 50100K [0x0000000080000000, 0x0000000100000000)
  region size 1024K, 12 young (12288K), 2 survivors (2048K)
 Metaspace       used 41376K, capacity 42468K, committed 42624K, reserved 1085440K
  class space    used 5300K, capacity 5672K, committed 5760K, reserved 1048576K
}
Event: 63.683 GC heap after
{Heap after GC invocations=22 (full 0):
 garbage-first heap   total 61440K, used 39989K [0x0000000080000000, 0x0000000100000000)
  region size 1024K, 1 young (1024K), 1 survivors (1024K)
 Metaspace       used 41376K, capacity 42468K, committed 42624K, reserved 1085440K
  class space    used 5300K, capacity 5672K, committed 5760K, reserved 1048576K
}

