# JRE version: OpenJDK Runtime Environment (11.0.11+9) (build 11.0.11+9-b60-7590822)
# Java VM: OpenJDK 64-Bit Server VM (11.0.11+9-b60-7590822, mixed mode, tiered, compressed oops, g1 gc, windows-amd64)
Heap:
 garbage-first heap   total 271360K, used 111773K [0x0000000080000000, 0x0000000100000000)
  region size 1024K, 6 young (6144K), 4 survivors (4096K)
 Metaspace       used 95799K, capacity 98425K, committed 98688K, reserved 1134592K
  class space    used 12353K, capacity 13350K, committed 13440K, reserved 1048576K
GC Heap History (20 events):
Event: 45.228 GC heap before
{Heap before GC invocations=98 (full 0):
 garbage-first heap   total 147456K, used 111448K [0x0000000080000000, 0x0000000100000000)
  region size 1024K, 31 young (31744K), 4 survivors (4096K)
 Metaspace       used 73824K, capacity 75829K, committed 76032K, reserved 1116160K
  class space    used 9559K, capacity 10205K, committed 10240K, reserved 1048576K
}
Event: 45.257 GC heap after
{Heap after GC invocations=99 (full 0):
 garbage-first heap   total 147456K, used 85635K [0x0000000080000000, 0x0000000100000000)
  region size 1024K, 2 young (2048K), 2 survivors (2048K)
 Metaspace       used 73824K, capacity 75829K, committed 76032K, reserved 1116160K
  class space    used 9559K, capacity 10205K, committed 10240K, reserved 1048576K
}
Event: 47.497 GC heap before
{Heap before GC invocations=100 (full 0):
 garbage-first heap   total 147456K, used 114307K [0x0000000080000000, 0x0000000100000000)
  region size 1024K, 30 young (30720K), 2 survivors (2048K)
 Metaspace       used 76575K, capacity 78525K, committed 78848K, reserved 1118208K
  class space    used 9963K, capacity 10649K, committed 10752K, reserved 1048576K
}
Event: 47.602 GC heap after
{Heap after GC invocations=101 (full 0):
 garbage-first heap   total 187392K, used 87077K [0x0000000080000000, 0x0000000100000000)
  region size 1024K, 4 young (4096K), 4 survivors (4096K)
 Metaspace       used 76575K, capacity 78525K, committed 78848K, reserved 1118208K
  class space    used 9963K, capacity 10649K, committed 10752K, reserved 1048576K
}
Event: 48.090 GC heap before
{Heap before GC invocations=101 (full 0):
 garbage-first heap   total 187392K, used 92197K [0x0000000080000000, 0x0000000100000000)
  region size 1024K, 10 young (10240K), 4 survivors (4096K)
 Metaspace       used 77427K, capacity 79491K, committed 79744K, reserved 1118208K
  class space    used 10064K, capacity 10778K, committed 10880K, reserved 1048576K
}
Event: 48.100 GC heap after
{Heap after GC invocations=102 (full 0):
 garbage-first heap   total 187392K, used 87358K [0x0000000080000000, 0x0000000100000000)
  region size 1024K, 2 young (2048K), 2 survivors (2048K)
 Metaspace       used 77427K, capacity 79491K, committed 79744K, reserved 1118208K
  class space    used 10064K, capacity 10778K, committed 10880K, reserved 1048576K
}
Event: 51.042 GC heap before
{Heap before GC invocations=103 (full 0):
 garbage-first heap   total 187392K, used 136510K [0x0000000080000000, 0x0000000100000000)
  region size 1024K, 41 young (41984K), 2 survivors (2048K)
 Metaspace       used 79453K, capacity 81574K, committed 81792K, reserved 1120256K
  class space    used 10317K, capacity 11061K, committed 11136K, reserved 1048576K
}
Event: 51.057 GC heap after
{Heap after GC invocations=104 (full 0):
 garbage-first heap   total 187392K, used 101733K [0x0000000080000000, 0x0000000100000000)
  region size 1024K, 6 young (6144K), 6 survivors (6144K)
 Metaspace       used 79453K, capacity 81574K, committed 81792K, reserved 1120256K
  class space    used 10317K, capacity 11061K, committed 11136K, reserved 1048576K
}
Event: 51.996 GC heap before
{Heap before GC invocations=104 (full 0):
 garbage-first heap   total 187392K, used 107877K [0x0000000080000000, 0x0000000100000000)
  region size 1024K, 13 young (13312K), 6 survivors (6144K)
 Metaspace       used 80436K, capacity 82585K, committed 82944K, reserved 1120256K
  class space    used 10423K, capacity 11160K, committed 11264K, reserved 1048576K
}
Event: 52.068 GC heap after
{Heap after GC invocations=105 (full 0):
 garbage-first heap   total 187392K, used 102912K [0x0000000080000000, 0x0000000100000000)
  region size 1024K, 2 young (2048K), 2 survivors (2048K)
 Metaspace       used 80436K, capacity 82585K, committed 82944K, reserved 1120256K
  class space    used 10423K, capacity 11160K, committed 11264K, reserved 1048576K
}
Event: 54.453 GC heap before
{Heap before GC invocations=106 (full 0):
 garbage-first heap   total 187392K, used 134656K [0x0000000080000000, 0x0000000100000000)
  region size 1024K, 32 young (32768K), 2 survivors (2048K)
 Metaspace       used 84150K, capacity 86321K, committed 86400K, reserved 1124352K
  class space    used 10881K, capacity 11616K, committed 11648K, reserved 1048576K
}
Event: 54.461 GC heap after
{Heap after GC invocations=107 (full 0):
 garbage-first heap   total 187392K, used 102767K [0x0000000080000000, 0x0000000100000000)
  region size 1024K, 2 young (2048K), 2 survivors (2048K)
 Metaspace       used 84150K, capacity 86321K, committed 86400K, reserved 1124352K
  class space    used 10881K, capacity 11616K, committed 11648K, reserved 1048576K
}
Event: 56.558 GC heap before
{Heap before GC invocations=107 (full 0):
 garbage-first heap   total 187392K, used 136559K [0x0000000080000000, 0x0000000100000000)
  region size 1024K, 35 young (35840K), 2 survivors (2048K)
 Metaspace       used 88875K, capacity 91097K, committed 91392K, reserved 1128448K
  class space    used 11447K, capacity 12210K, committed 12288K, reserved 1048576K
}
Event: 56.567 GC heap after
{Heap after GC invocations=108 (full 0):
 garbage-first heap   total 187392K, used 105033K [0x0000000080000000, 0x0000000100000000)
  region size 1024K, 4 young (4096K), 4 survivors (4096K)
 Metaspace       used 88875K, capacity 91097K, committed 91392K, reserved 1128448K
  class space    used 11447K, capacity 12210K, committed 12288K, reserved 1048576K
}
Event: 60.136 GC heap before
{Heap before GC invocations=109 (full 0):
 garbage-first heap   total 187392K, used 140873K [0x0000000080000000, 0x0000000100000000)
  region size 1024K, 39 young (39936K), 4 survivors (4096K)
 Metaspace       used 91464K, capacity 93881K, committed 94208K, reserved 1130496K
  class space    used 11820K, capacity 12680K, committed 12800K, reserved 1048576K
}
Event: 60.168 GC heap after
{Heap after GC invocations=110 (full 0):
 garbage-first heap   total 187392K, used 106987K [0x0000000080000000, 0x0000000100000000)
  region size 1024K, 5 young (5120K), 5 survivors (5120K)
 Metaspace       used 91464K, capacity 93881K, committed 94208K, reserved 1130496K
  class space    used 11820K, capacity 12680K, committed 12800K, reserved 1048576K
}
Event: 61.723 GC heap before
{Heap before GC invocations=110 (full 0):
 garbage-first heap   total 187392K, used 142827K [0x0000000080000000, 0x0000000100000000)
  region size 1024K, 41 young (41984K), 5 survivors (5120K)
 Metaspace       used 91896K, capacity 94391K, committed 94464K, reserved 1130496K
  class space    used 11834K, capacity 12729K, committed 12800K, reserved 1048576K
}
Event: 61.758 GC heap after
{Heap after GC invocations=111 (full 0):
 garbage-first heap   total 187392K, used 109260K [0x0000000080000000, 0x0000000100000000)
  region size 1024K, 5 young (5120K), 5 survivors (5120K)
 Metaspace       used 91896K, capacity 94391K, committed 94464K, reserved 1130496K
  class space    used 11834K, capacity 12729K, committed 12800K, reserved 1048576K
}
Event: 64.200 GC heap before
{Heap before GC invocations=112 (full 0):
 garbage-first heap   total 187392K, used 146124K [0x0000000080000000, 0x0000000100000000)
  region size 1024K, 42 young (43008K), 5 survivors (5120K)
 Metaspace       used 95754K, capacity 98329K, committed 98688K, reserved 1134592K
  class space    used 12348K, capacity 13318K, committed 13440K, reserved 1048576K
}
Event: 64.225 GC heap after
{Heap after GC invocations=113 (full 0):
 garbage-first heap   total 271360K, used 110749K [0x0000000080000000, 0x0000000100000000)
  region size 1024K, 4 young (4096K), 4 survivors (4096K)
 Metaspace       used 95754K, capacity 98329K, committed 98688K, reserved 1134592K
  class space    used 12348K, capacity 13318K, committed 13440K, reserved 1048576K
}

