# JRE version: OpenJDK Runtime Environment (11.0.11+9) (build 11.0.11+9-b60-7590822)
# Java VM: OpenJDK 64-Bit Server VM (11.0.11+9-b60-7590822, mixed mode, tiered, compressed oops, g1 gc, windows-amd64)
Heap:
 garbage-first heap   total 150528K, used 54117K [0x0000000080000000, 0x0000000100000000)
  region size 1024K, 3 young (3072K), 3 survivors (3072K)
 Metaspace       used 51381K, capacity 52873K, committed 52992K, reserved 1095680K
  class space    used 6545K, capacity 7083K, committed 7168K, reserved 1048576K
GC Heap History (20 events):
Event: 11.512 GC heap before
{Heap before GC invocations=25 (full 0):
 garbage-first heap   total 73728K, used 57226K [0x0000000080000000, 0x0000000100000000)
  region size 1024K, 18 young (18432K), 3 survivors (3072K)
 Metaspace       used 44597K, capacity 45702K, committed 45952K, reserved 1089536K
  class space    used 5836K, capacity 6263K, committed 6272K, reserved 1048576K
}
Event: 11.521 GC heap after
{Heap after GC invocations=26 (full 0):
 garbage-first heap   total 73728K, used 42337K [0x0000000080000000, 0x0000000100000000)
  region size 1024K, 2 young (2048K), 2 survivors (2048K)
 Metaspace       used 44597K, capacity 45702K, committed 45952K, reserved 1089536K
  class space    used 5836K, capacity 6263K, committed 6272K, reserved 1048576K
}
Event: 11.746 GC heap before
{Heap before GC invocations=27 (full 0):
 garbage-first heap   total 73728K, used 57697K [0x0000000080000000, 0x0000000100000000)
  region size 1024K, 17 young (17408K), 2 survivors (2048K)
 Metaspace       used 44647K, capacity 45766K, committed 45952K, reserved 1089536K
  class space    used 5836K, capacity 6263K, committed 6272K, reserved 1048576K
}
Event: 11.754 GC heap after
{Heap after GC invocations=28 (full 0):
 garbage-first heap   total 73728K, used 42832K [0x0000000080000000, 0x0000000100000000)
  region size 1024K, 2 young (2048K), 2 survivors (2048K)
 Metaspace       used 44647K, capacity 45766K, committed 45952K, reserved 1089536K
  class space    used 5836K, capacity 6263K, committed 6272K, reserved 1048576K
}
Event: 11.850 GC heap before
{Heap before GC invocations=28 (full 0):
 garbage-first heap   total 73728K, used 58192K [0x0000000080000000, 0x0000000100000000)
  region size 1024K, 17 young (17408K), 2 survivors (2048K)
 Metaspace       used 44648K, capacity 45766K, committed 45952K, reserved 1089536K
  class space    used 5836K, capacity 6263K, committed 6272K, reserved 1048576K
}
Event: 11.854 GC heap after
{Heap after GC invocations=29 (full 0):
 garbage-first heap   total 89088K, used 43398K [0x0000000080000000, 0x0000000100000000)
  region size 1024K, 2 young (2048K), 2 survivors (2048K)
 Metaspace       used 44648K, capacity 45766K, committed 45952K, reserved 1089536K
  class space    used 5836K, capacity 6263K, committed 6272K, reserved 1048576K
}
Event: 11.995 GC heap before
{Heap before GC invocations=30 (full 0):
 garbage-first heap   total 89088K, used 65926K [0x0000000080000000, 0x0000000100000000)
  region size 1024K, 24 young (24576K), 2 survivors (2048K)
 Metaspace       used 44673K, capacity 45766K, committed 45952K, reserved 1089536K
  class space    used 5836K, capacity 6263K, committed 6272K, reserved 1048576K
}
Event: 11.998 GC heap after
{Heap after GC invocations=31 (full 0):
 garbage-first heap   total 89088K, used 43703K [0x0000000080000000, 0x0000000100000000)
  region size 1024K, 2 young (2048K), 2 survivors (2048K)
 Metaspace       used 44673K, capacity 45766K, committed 45952K, reserved 1089536K
  class space    used 5836K, capacity 6263K, committed 6272K, reserved 1048576K
}
Event: 12.411 GC heap before
{Heap before GC invocations=31 (full 0):
 garbage-first heap   total 89088K, used 66231K [0x0000000080000000, 0x0000000100000000)
  region size 1024K, 25 young (25600K), 2 survivors (2048K)
 Metaspace       used 46537K, capacity 47778K, committed 48000K, reserved 1091584K
  class space    used 6043K, capacity 6505K, committed 6528K, reserved 1048576K
}
Event: 12.416 GC heap after
{Heap after GC invocations=32 (full 0):
 garbage-first heap   total 89088K, used 44881K [0x0000000080000000, 0x0000000100000000)
  region size 1024K, 4 young (4096K), 4 survivors (4096K)
 Metaspace       used 46537K, capacity 47778K, committed 48000K, reserved 1091584K
  class space    used 6043K, capacity 6505K, committed 6528K, reserved 1048576K
}
Event: 12.721 GC heap before
{Heap before GC invocations=33 (full 0):
 garbage-first heap   total 89088K, used 48977K [0x0000000080000000, 0x0000000100000000)
  region size 1024K, 9 young (9216K), 4 survivors (4096K)
 Metaspace       used 47349K, capacity 48634K, committed 48896K, reserved 1091584K
  class space    used 6123K, capacity 6594K, committed 6656K, reserved 1048576K
}
Event: 12.727 GC heap after
{Heap after GC invocations=34 (full 0):
 garbage-first heap   total 89088K, used 45440K [0x0000000080000000, 0x0000000100000000)
  region size 1024K, 3 young (3072K), 3 survivors (3072K)
 Metaspace       used 47349K, capacity 48634K, committed 48896K, reserved 1091584K
  class space    used 6123K, capacity 6594K, committed 6656K, reserved 1048576K
}
Event: 12.866 GC heap before
{Heap before GC invocations=35 (full 0):
 garbage-first heap   total 89088K, used 71040K [0x0000000080000000, 0x0000000100000000)
  region size 1024K, 26 young (26624K), 3 survivors (3072K)
 Metaspace       used 47385K, capacity 48634K, committed 48896K, reserved 1091584K
  class space    used 6126K, capacity 6594K, committed 6656K, reserved 1048576K
}
Event: 12.872 GC heap after
{Heap after GC invocations=36 (full 0):
 garbage-first heap   total 107520K, used 50101K [0x0000000080000000, 0x0000000100000000)
  region size 1024K, 4 young (4096K), 4 survivors (4096K)
 Metaspace       used 47385K, capacity 48634K, committed 48896K, reserved 1091584K
  class space    used 6126K, capacity 6594K, committed 6656K, reserved 1048576K
}
Event: 13.329 GC heap before
{Heap before GC invocations=36 (full 0):
 garbage-first heap   total 107520K, used 80821K [0x0000000080000000, 0x0000000100000000)
  region size 1024K, 34 young (34816K), 4 survivors (4096K)
 Metaspace       used 48232K, capacity 49702K, committed 49792K, reserved 1091584K
  class space    used 6218K, capacity 6731K, committed 6784K, reserved 1048576K
}
Event: 13.336 GC heap after
{Heap after GC invocations=37 (full 0):
 garbage-first heap   total 107520K, used 51309K [0x0000000080000000, 0x0000000100000000)
  region size 1024K, 4 young (4096K), 4 survivors (4096K)
 Metaspace       used 48232K, capacity 49702K, committed 49792K, reserved 1091584K
  class space    used 6218K, capacity 6731K, committed 6784K, reserved 1048576K
}
Event: 13.418 GC heap before
{Heap before GC invocations=37 (full 0):
 garbage-first heap   total 107520K, used 55405K [0x0000000080000000, 0x0000000100000000)
  region size 1024K, 9 young (9216K), 4 survivors (4096K)
 Metaspace       used 48552K, capacity 49990K, committed 50048K, reserved 1093632K
  class space    used 6242K, capacity 6763K, committed 6784K, reserved 1048576K
}
Event: 13.424 GC heap after
{Heap after GC invocations=38 (full 0):
 garbage-first heap   total 107520K, used 51937K [0x0000000080000000, 0x0000000100000000)
  region size 1024K, 4 young (4096K), 4 survivors (4096K)
 Metaspace       used 48552K, capacity 49990K, committed 50048K, reserved 1093632K
  class space    used 6242K, capacity 6763K, committed 6784K, reserved 1048576K
}
Event: 14.274 GC heap before
{Heap before GC invocations=39 (full 0):
 garbage-first heap   total 107520K, used 86753K [0x0000000080000000, 0x0000000100000000)
  region size 1024K, 37 young (37888K), 4 survivors (4096K)
 Metaspace       used 50923K, capacity 52437K, committed 52608K, reserved 1095680K
  class space    used 6459K, capacity 6980K, committed 7040K, reserved 1048576K
}
Event: 14.304 GC heap after
{Heap after GC invocations=40 (full 0):
 garbage-first heap   total 107520K, used 53955K [0x0000000080000000, 0x0000000100000000)
  region size 1024K, 4 young (4096K), 4 survivors (4096K)
 Metaspace       used 50923K, capacity 52437K, committed 52608K, reserved 1095680K
  class space    used 6459K, capacity 6980K, committed 7040K, reserved 1048576K
}

